

*******************************************************************************
Sun Apr 05 20:25:57 2020


FIT:    data read from "SecuencialMedioEmpirico.dat" using 1:2
        format = x:z
        #datapoints = 10
        residuals are weighted equally (unit weight)

function used for fitting: N(x)
	N(x) = a*x + b
fitted parameters initialized with current variable values

iter      chisq       delta/lim  lambda   a             b            
   0 3.8609364748e+06   0.00e+00  4.39e+02    1.000000e+00   1.000000e+00
   7 4.4375273722e-06  -1.73e-08  4.39e-05    1.202790e-05  -1.744247e-03

After 7 iterations the fit converged.
final sum of squares of residuals : 4.43753e-06
rel. change during last iteration : -1.72746e-13

degrees of freedom    (FIT_NDF)                        : 8
rms of residuals      (FIT_STDFIT) = sqrt(WSSR/ndf)    : 0.000744776
variance of residuals (reduced chisquare) = WSSR/ndf   : 5.54691e-07

Final set of parameters            Asymptotic Standard Error
=======================            ==========================
a               = 1.20279e-05      +/- 8.2e-07      (6.817%)
b               = -0.00174425      +/- 0.0005088    (29.17%)

correlation matrix of the fit parameters:
                a      b      
a               1.000 
b              -0.886  1.000 


*******************************************************************************
Sun Apr 05 20:26:01 2020


FIT:    data read from "SecuencialMejorEmpirico.dat" using 1:2
        format = x:z
        #datapoints = 10
        residuals are weighted equally (unit weight)

function used for fitting: C(x)
	C(x) = a
fitted parameters initialized with current variable values

iter      chisq       delta/lim  lambda   a            
   0 9.9767765115e+00   0.00e+00  1.00e+00    1.000000e+00
   4 4.6071564560e-06  -1.79e-07  1.00e-04    1.162080e-03

After 4 iterations the fit converged.
final sum of squares of residuals : 4.60716e-06
rel. change during last iteration : -1.78612e-12

degrees of freedom    (FIT_NDF)                        : 9
rms of residuals      (FIT_STDFIT) = sqrt(WSSR/ndf)    : 0.000715476
variance of residuals (reduced chisquare) = WSSR/ndf   : 5.11906e-07

Final set of parameters            Asymptotic Standard Error
=======================            ==========================
a               = 0.00116208       +/- 0.0002263    (19.47%)


*******************************************************************************
Sun Apr 05 20:26:05 2020


FIT:    data read from "SecuencialPeorEmpirico.dat" using 1:2
        format = x:z
        #datapoints = 10
        residuals are weighted equally (unit weight)

function used for fitting: N(x)
	N(x) = a*x + b
fitted parameters initialized with current variable values

iter      chisq       delta/lim  lambda   a             b            
   0 3.8608745991e+06   0.00e+00  4.39e+02    1.000000e+00   1.000000e+00
   7 1.4869826988e-05  -5.25e-09  4.39e-05    2.284457e-05  -3.698033e-03

After 7 iterations the fit converged.
final sum of squares of residuals : 1.48698e-05
rel. change during last iteration : -5.25201e-14

degrees of freedom    (FIT_NDF)                        : 8
rms of residuals      (FIT_STDFIT) = sqrt(WSSR/ndf)    : 0.00136335
variance of residuals (reduced chisquare) = WSSR/ndf   : 1.85873e-06

Final set of parameters            Asymptotic Standard Error
=======================            ==========================
a               = 2.28446e-05      +/- 1.501e-06    (6.57%)
b               = -0.00369803      +/- 0.0009313    (25.18%)

correlation matrix of the fit parameters:
                a      b      
a               1.000 
b              -0.886  1.000 


*******************************************************************************
Sun Apr 05 20:26:55 2020


FIT:    data read from "SecuencialPeorEmpirico.dat" using 1:2
        format = x:z
        #datapoints = 10
        residuals are weighted equally (unit weight)

function used for fitting: N(x)
	N(x) = a*x + b
fitted parameters initialized with current variable values

iter      chisq       delta/lim  lambda   a             b            
   0 3.8608755165e+06   0.00e+00  4.39e+02    1.000000e+00   1.000000e+00
   7 1.8827578281e-05  -4.12e-09  4.39e-05    2.326422e-05  -4.074920e-03

After 7 iterations the fit converged.
final sum of squares of residuals : 1.88276e-05
rel. change during last iteration : -4.12099e-14

degrees of freedom    (FIT_NDF)                        : 8
rms of residuals      (FIT_STDFIT) = sqrt(WSSR/ndf)    : 0.00153409
variance of residuals (reduced chisquare) = WSSR/ndf   : 2.35345e-06

Final set of parameters            Asymptotic Standard Error
=======================            ==========================
a               = 2.32642e-05      +/- 1.689e-06    (7.26%)
b               = -0.00407492      +/- 0.001048     (25.72%)

correlation matrix of the fit parameters:
                a      b      
a               1.000 
b              -0.886  1.000 


*******************************************************************************
Sun Apr 05 20:27:07 2020


FIT:    data read from "SecuencialMedioEmpirico.dat" using 1:2
        format = x:z
        #datapoints = 10
        residuals are weighted equally (unit weight)

function used for fitting: N(x)
	N(x) = a*x + b
fitted parameters initialized with current variable values

iter      chisq       delta/lim  lambda   a             b            
   0 3.8609080459e+06   0.00e+00  4.39e+02    1.000000e+00   1.000000e+00
   7 6.1955957207e-06  -1.22e-08  4.39e-05    1.554038e-05  -1.622240e-03

After 7 iterations the fit converged.
final sum of squares of residuals : 6.1956e-06
rel. change during last iteration : -1.22497e-13

degrees of freedom    (FIT_NDF)                        : 8
rms of residuals      (FIT_STDFIT) = sqrt(WSSR/ndf)    : 0.000880028
variance of residuals (reduced chisquare) = WSSR/ndf   : 7.74449e-07

Final set of parameters            Asymptotic Standard Error
=======================            ==========================
a               = 1.55404e-05      +/- 9.689e-07    (6.235%)
b               = -0.00162224      +/- 0.0006012    (37.06%)

correlation matrix of the fit parameters:
                a      b      
a               1.000 
b              -0.886  1.000 


*******************************************************************************
Sun Apr 05 20:27:16 2020


FIT:    data read from "SecuencialMejorEmpirico.dat" using 1:2
        format = x:z
        #datapoints = 10
        residuals are weighted equally (unit weight)

function used for fitting: C(x)
	C(x) = a
fitted parameters initialized with current variable values

iter      chisq       delta/lim  lambda   a            
   0 9.9778471876e+00   0.00e+00  1.00e+00    1.000000e+00
   4 4.1007367840e-06  -2.01e-07  1.00e-04    1.108460e-03

After 4 iterations the fit converged.
final sum of squares of residuals : 4.10074e-06
rel. change during last iteration : -2.00669e-12

degrees of freedom    (FIT_NDF)                        : 9
rms of residuals      (FIT_STDFIT) = sqrt(WSSR/ndf)    : 0.000675009
variance of residuals (reduced chisquare) = WSSR/ndf   : 4.55637e-07

Final set of parameters            Asymptotic Standard Error
=======================            ==========================
a               = 0.00110846       +/- 0.0002135    (19.26%)


*******************************************************************************
Sat Apr 11 11:11:44 2020


FIT:    data read from "SecuencialPeorEmpirico.dat" using 1:2
        format = x:z
        #datapoints = 10
        residuals are weighted equally (unit weight)

function used for fitting: N(x)
	N(x) = a*x + b
fitted parameters initialized with current variable values

iter      chisq       delta/lim  lambda   a             b            
   0 3.8608744053e+06   0.00e+00  4.39e+02    1.000000e+00   1.000000e+00
   7 1.9553917300e-05  -3.93e-09  4.39e-05    2.357793e-05  -4.193600e-03

After 7 iterations the fit converged.
final sum of squares of residuals : 1.95539e-05
rel. change during last iteration : -3.93326e-14

degrees of freedom    (FIT_NDF)                        : 8
rms of residuals      (FIT_STDFIT) = sqrt(WSSR/ndf)    : 0.00156341
variance of residuals (reduced chisquare) = WSSR/ndf   : 2.44424e-06

Final set of parameters            Asymptotic Standard Error
=======================            ==========================
a               = 2.35779e-05      +/- 1.721e-06    (7.3%)
b               = -0.0041936       +/- 0.001068     (25.47%)

correlation matrix of the fit parameters:
                a      b      
a               1.000 
b              -0.886  1.000 


*******************************************************************************
Sat Apr 11 11:12:36 2020


FIT:    data read from "SecuencialMedioEmpirico.dat" using 1:2
        format = x:z
        #datapoints = 10
        residuals are weighted equally (unit weight)

function used for fitting: N(x)
	N(x) = a*x + b
fitted parameters initialized with current variable values

iter      chisq       delta/lim  lambda   a             b            
   0 3.8609327805e+06   0.00e+00  4.39e+02    1.000000e+00   1.000000e+00
   7 3.9978494373e-06  -1.91e-08  4.39e-05    1.186773e-05  -1.296933e-03

After 7 iterations the fit converged.
final sum of squares of residuals : 3.99785e-06
rel. change during last iteration : -1.90685e-13

degrees of freedom    (FIT_NDF)                        : 8
rms of residuals      (FIT_STDFIT) = sqrt(WSSR/ndf)    : 0.000706917
variance of residuals (reduced chisquare) = WSSR/ndf   : 4.99731e-07

Final set of parameters            Asymptotic Standard Error
=======================            ==========================
a               = 1.18677e-05      +/- 7.783e-07    (6.558%)
b               = -0.00129693      +/- 0.0004829    (37.24%)

correlation matrix of the fit parameters:
                a      b      
a               1.000 
b              -0.886  1.000 


*******************************************************************************
Sat Apr 11 11:14:44 2020


FIT:    data read from "SecuencialMejorEmpirico.dat" using 1:2
        format = x:z
        #datapoints = 10
        residuals are weighted equally (unit weight)

function used for fitting: C(x)
	C(x) = a
fitted parameters initialized with current variable values

iter      chisq       delta/lim  lambda   a            
   0 9.9759549018e+00   0.00e+00  1.00e+00    1.000000e+00
   4 4.2251526290e-06  -1.95e-07  1.00e-04    1.203190e-03

After 4 iterations the fit converged.
final sum of squares of residuals : 4.22515e-06
rel. change during last iteration : -1.9474e-12

degrees of freedom    (FIT_NDF)                        : 9
rms of residuals      (FIT_STDFIT) = sqrt(WSSR/ndf)    : 0.000685173
variance of residuals (reduced chisquare) = WSSR/ndf   : 4.69461e-07

Final set of parameters            Asymptotic Standard Error
=======================            ==========================
a               = 0.00120319       +/- 0.0002167    (18.01%)
